<?xml version="1.0" encoding="UTF-8"?>
<!-- Generated by org.testng.reporters.JUnitReportReporter -->
<testsuite skipped="0" hostname="DESKTOP-QTN1F52" name="Annotations.TestNGDemoTestCases" tests="2" failures="0" timestamp="2020-10-01T11:15:04 IST" time="0.010" errors="0">
  <testcase name="Demo2" time="0.005" classname="Annotations.TestNGDemoTestCases"/>
  <system-out/>
  <testcase name="Demo" time="0.005" classname="Annotations.TestNGDemoTestCases"/>
  <system-out/>
</testsuite> <!-- Annotations.TestNGDemoTestCases -->
